Tue Aug 27 14:22:22 EST 2013 : Apache Derby Network Server - 10.9.1.0 - (1344872) started and ready to accept connections on port 1527
Tue Aug 27 14:22:22 EST 2013 Thread[DRDAConnThread_5,5,main] Cleanup action starting
java.sql.SQLException: Database 'vss' not found.
	at org.apache.derby.impl.jdbc.SQLExceptionFactory40.getSQLException(Unknown Source)
	at org.apache.derby.impl.jdbc.Util.newEmbedSQLException(Unknown Source)
	at org.apache.derby.impl.jdbc.Util.newEmbedSQLException(Unknown Source)
	at org.apache.derby.impl.jdbc.Util.generateCsSQLException(Unknown Source)
	at org.apache.derby.impl.jdbc.EmbedConnection.newSQLException(Unknown Source)
	at org.apache.derby.impl.jdbc.EmbedConnection.handleDBNotFound(Unknown Source)
	at org.apache.derby.impl.jdbc.EmbedConnection.<init>(Unknown Source)
	at org.apache.derby.impl.jdbc.EmbedConnection30.<init>(Unknown Source)
	at org.apache.derby.impl.jdbc.EmbedConnection40.<init>(Unknown Source)
	at org.apache.derby.jdbc.Driver40.getNewEmbedConnection(Unknown Source)
	at org.apache.derby.jdbc.InternalDriver.connect(Unknown Source)
	at org.apache.derby.jdbc.EmbeddedDriver.connect(Unknown Source)
	at org.apache.derby.impl.drda.Database.makeConnection(Unknown Source)
	at org.apache.derby.impl.drda.DRDAConnThread.getConnFromDatabaseName(Unknown Source)
	at org.apache.derby.impl.drda.DRDAConnThread.verifyUserIdPassword(Unknown Source)
	at org.apache.derby.impl.drda.DRDAConnThread.parseSECCHK(Unknown Source)
	at org.apache.derby.impl.drda.DRDAConnThread.parseDRDAConnection(Unknown Source)
	at org.apache.derby.impl.drda.DRDAConnThread.processCommands(Unknown Source)
	at org.apache.derby.impl.drda.DRDAConnThread.run(Unknown Source)
Caused by: java.sql.SQLException: Database 'vss' not found.
	at org.apache.derby.impl.jdbc.SQLExceptionFactory.getSQLException(Unknown Source)
	at org.apache.derby.impl.jdbc.SQLExceptionFactory40.wrapArgsForTransportAcrossDRDA(Unknown Source)
	... 19 more
============= begin nested exception, level (1) ===========
java.sql.SQLException: Database 'vss' not found.
	at org.apache.derby.impl.jdbc.SQLExceptionFactory.getSQLException(Unknown Source)
	at org.apache.derby.impl.jdbc.SQLExceptionFactory40.wrapArgsForTransportAcrossDRDA(Unknown Source)
	at org.apache.derby.impl.jdbc.SQLExceptionFactory40.getSQLException(Unknown Source)
	at org.apache.derby.impl.jdbc.Util.newEmbedSQLException(Unknown Source)
	at org.apache.derby.impl.jdbc.Util.newEmbedSQLException(Unknown Source)
	at org.apache.derby.impl.jdbc.Util.generateCsSQLException(Unknown Source)
	at org.apache.derby.impl.jdbc.EmbedConnection.newSQLException(Unknown Source)
	at org.apache.derby.impl.jdbc.EmbedConnection.handleDBNotFound(Unknown Source)
	at org.apache.derby.impl.jdbc.EmbedConnection.<init>(Unknown Source)
	at org.apache.derby.impl.jdbc.EmbedConnection30.<init>(Unknown Source)
	at org.apache.derby.impl.jdbc.EmbedConnection40.<init>(Unknown Source)
	at org.apache.derby.jdbc.Driver40.getNewEmbedConnection(Unknown Source)
	at org.apache.derby.jdbc.InternalDriver.connect(Unknown Source)
	at org.apache.derby.jdbc.EmbeddedDriver.connect(Unknown Source)
	at org.apache.derby.impl.drda.Database.makeConnection(Unknown Source)
	at org.apache.derby.impl.drda.DRDAConnThread.getConnFromDatabaseName(Unknown Source)
	at org.apache.derby.impl.drda.DRDAConnThread.verifyUserIdPassword(Unknown Source)
	at org.apache.derby.impl.drda.DRDAConnThread.parseSECCHK(Unknown Source)
	at org.apache.derby.impl.drda.DRDAConnThread.parseDRDAConnection(Unknown Source)
	at org.apache.derby.impl.drda.DRDAConnThread.processCommands(Unknown Source)
	at org.apache.derby.impl.drda.DRDAConnThread.run(Unknown Source)
============= end nested exception, level (1) ===========
Cleanup action completed
Tue Aug 27 14:22:22 EST 2013 Thread[DRDAConnThread_5,5,main] (DATABASE = vss), (DRDAID = {1}), Database 'vss' not found.
----------------------------------------------------------------
Tue Aug 27 14:22:40 EST 2013:
Booting Derby version The Apache Software Foundation - Apache Derby - 10.9.1.0 - (1344872): instance a816c00e-0140-be02-1511-00002b24d17f 
on database directory /Users/karen/NetBeansProjects/wms/db/vss  with class loader sun.misc.Launcher$AppClassLoader@27a8c4e7 
Loaded from file:/Applications/NetBeans/glassfish-4.0/javadb/lib/derby.jar
java.vendor=Apple Inc.
java.runtime.version=1.6.0_51-b11-457-11M4509
user.dir=/Applications/NetBeans/glassfish-4.0/javadb
derby.system.home=/Users/karen/NetBeansProjects/wms/db
Database Class Loader started - derby.database.classpath=''
----------------------------------------------------------------
Tue Aug 27 14:22:41 EST 2013:
Shutting down instance a816c00e-0140-be02-1511-00002b24d17f on database directory /Users/karen/NetBeansProjects/wms/db/vss with class loader sun.misc.Launcher$AppClassLoader@27a8c4e7 
Tue Aug 27 14:22:41 EST 2013 Thread[DRDAConnThread_5,5,main] (DATABASE = vss), (DRDAID = {3}), Database 'vss' shutdown.
----------------------------------------------------------------
Tue Aug 27 14:22:47 EST 2013:
Booting Derby version The Apache Software Foundation - Apache Derby - 10.9.1.0 - (1344872): instance 45b300a8-0140-be02-1511-00002b24d17f 
on database directory /Users/karen/NetBeansProjects/wms/db/vss  with class loader sun.misc.Launcher$AppClassLoader@27a8c4e7 
Loaded from file:/Applications/NetBeans/glassfish-4.0/javadb/lib/derby.jar
java.vendor=Apple Inc.
java.runtime.version=1.6.0_51-b11-457-11M4509
user.dir=/Applications/NetBeans/glassfish-4.0/javadb
derby.system.home=/Users/karen/NetBeansProjects/wms/db
Database Class Loader started - derby.database.classpath=''
